<?xml version="1.0" encoding="UTF-8"?>
<!-- Generated by org.testng.reporters.JUnitXMLReporter -->
<testsuite hostname="TNQ-LTP-239" ignored="4" name="Article Dashboard" tests="1" failures="1" timestamp="13 Mar 2020 08:49:48 GMT" time="30.311" errors="0">
  <testcase name="@AfterMethod getResult" time="0.001" classname="com.authorportal.ui.BasePage">
    <skipped/>
  </testcase> <!-- @AfterMethod getResult -->
  <testcase name="articleDashboard" time="30.204" classname="com.authorportal.ui.Author">
    <failure type="java.lang.AssertionError" message="expected [true] but found [false]">
      <![CDATA[java.lang.AssertionError: expected [true] but found [false]
at com.authorportal.ui.Author.articleDashboard(Author.java:116)
... Removed 31 stack frames]]>
    </failure>
  </testcase> <!-- articleDashboard -->
  <testcase name="Logout" time="0.0" classname="com.authorportal.ui.Author">
    <ignored/>
  </testcase> <!-- Logout -->
  <testcase name="UrlLaunch" time="0.0" classname="com.authorportal.ui.Author">
    <ignored/>
  </testcase> <!-- UrlLaunch -->
  <testcase name="login" time="0.0" classname="com.authorportal.ui.Author">
    <ignored/>
  </testcase> <!-- login -->
  <testcase name="journalDashboard" time="0.0" classname="com.authorportal.ui.Author">
    <ignored/>
  </testcase> <!-- journalDashboard -->
</testsuite> <!-- Article Dashboard -->
