<?xml version="1.0" encoding="UTF-8"?>
<!-- Generated by org.testng.reporters.JUnitXMLReporter -->
<testsuite hostname="TNQ-LTP-239" ignored="4" name="login" tests="1" failures="1" timestamp="13 Mar 2020 08:48:48 GMT" time="53.913" errors="0">
  <testcase name="@AfterMethod getResult" time="0.0" classname="com.authorportal.ui.BasePage">
    <skipped/>
  </testcase> <!-- @AfterMethod getResult -->
  <testcase name="login" time="53.848" classname="com.authorportal.ui.Author">
    <failure type="java.lang.AssertionError" message="expected [true] but found [false]">
      <![CDATA[java.lang.AssertionError: expected [true] but found [false]
at com.authorportal.ui.Author.login(Author.java:70)
... Removed 31 stack frames]]>
    </failure>
  </testcase> <!-- login -->
  <testcase name="Logout" time="0.0" classname="com.authorportal.ui.Author">
    <ignored/>
  </testcase> <!-- Logout -->
  <testcase name="articleDashboard" time="0.0" classname="com.authorportal.ui.Author">
    <ignored/>
  </testcase> <!-- articleDashboard -->
  <testcase name="UrlLaunch" time="0.0" classname="com.authorportal.ui.Author">
    <ignored/>
  </testcase> <!-- UrlLaunch -->
  <testcase name="journalDashboard" time="0.0" classname="com.authorportal.ui.Author">
    <ignored/>
  </testcase> <!-- journalDashboard -->
</testsuite> <!-- login -->
