<?xml version="1.0" encoding="UTF-8"?>
<!-- Generated by org.testng.reporters.JUnitXMLReporter -->
<testsuite hostname="TNQ-LTP-239" ignored="0" name="Test" tests="5" failures="0" timestamp="10 Mar 2020 05:05:59 GMT" time="31.637" errors="0">
  <testcase name="UrlLaunch" time="14.667" classname="com.authorportal.ui.Author"/>
  <testcase name="login" time="7.905" classname="com.authorportal.ui.Author"/>
  <testcase name="journalDashboard" time="2.35" classname="com.authorportal.ui.Author"/>
  <testcase name="articleDashboard" time="0.417" classname="com.authorportal.ui.Author"/>
  <testcase name="Logout" time="6.254" classname="com.authorportal.ui.Author"/>
</testsuite> <!-- Test -->
